Looking for git in: git
Using git 2.28.0 from git
> git rev-parse --git-dir
Open repository: /home/dboullon/git/DrCoffee84/promos-menshen
> git status -z -u
> git symbolic-ref --short HEAD
> git rev-parse master
> git rev-parse --symbolic-full-name master@{u}
> git rev-list --left-right master...refs/remotes/origin/master
> git for-each-ref --sort -committerdate --format %(refname) %(objectname)
> git remote --verbose
> git config --get commit.template
> git check-ignore -v -z --stdin
> git show --textconv :openshift/environments/dev/templateParameters.txt
> git ls-files --stage -- /home/dboullon/git/DrCoffee84/promos-menshen/openshift/environments/dev/templateParameters.txt
> git cat-file -s e69de29bb2d1d6434b8b29ae775ad8c2e48c5391
> git check-ignore -v -z --stdin
> git show --textconv :openshift/environments/dev/replaceConfig.yaml
> git ls-files --stage -- /home/dboullon/git/DrCoffee84/promos-menshen/openshift/environments/dev/replaceConfig.yaml
> git cat-file -s ae5b5effa158678b63afb7cf0e6721e03aeb2903
> git show --textconv :openshift/pipelines/ci/Jenkinsfile
> git ls-files --stage -- /home/dboullon/git/DrCoffee84/promos-menshen/openshift/pipelines/ci/Jenkinsfile
> git cat-file -s 1198ef6eac58c0fac2db947a2a1ab41eb7af5f17
> git check-ignore -v -z --stdin
> git status -z -u
> git symbolic-ref --short HEAD
> git rev-parse master
> git rev-parse --symbolic-full-name master@{u}
> git rev-list --left-right master...refs/remotes/origin/master
> git for-each-ref --sort -committerdate --format %(refname) %(objectname)
> git remote --verbose
> git config --get commit.template
> git show --textconv :openshift/template.yaml
> git ls-files --stage -- /home/dboullon/git/DrCoffee84/promos-menshen/openshift/template.yaml
> git cat-file -s 7e567fae6dd0b5fc1e84ebe2089f26282c092026
> git status -z -u
> git symbolic-ref --short HEAD
> git rev-parse master
> git rev-parse --symbolic-full-name master@{u}
> git rev-list --left-right master...refs/remotes/origin/master
> git for-each-ref --sort -committerdate --format %(refname) %(objectname)
> git remote --verbose
> git config --get commit.template
> git status -z -u
> git symbolic-ref --short HEAD
> git ls-files --stage -- /home/dboullon/git/DrCoffee84/promos-menshen/openshift/template.yaml
> git rev-parse master
> git cat-file -s d7cf1ba5015fab4b29cda667735bf4aabd78f2d6
> git rev-parse --symbolic-full-name master@{u}
> git rev-list --left-right master...refs/remotes/origin/master
> git show --textconv :openshift/template.yaml
> git for-each-ref --sort -committerdate --format %(refname) %(objectname)
> git remote --verbose
> git config --get commit.template
