Looking for git in: git
Using git 2.28.0 from git
> git rev-parse --git-dir
Open repository: /home/dboullon/git/DrCoffee84/promos-menshen
> git status -z -u
> git symbolic-ref --short HEAD
> git rev-parse master
> git rev-parse --symbolic-full-name master@{u}
> git rev-list --left-right master...refs/remotes/origin/master
> git for-each-ref --sort -committerdate --format %(refname) %(objectname)
> git remote --verbose
> git config --get commit.template
> git show --textconv :openshift/template.yaml
> git ls-files --stage -- /home/dboullon/git/DrCoffee84/promos-menshen/openshift/template.yaml
> git cat-file -s dc4f04c9dc86bea60e434bd808f0c1832252113d
> git check-ignore -v -z --stdin
> git show --textconv :package.json
> git ls-files --stage -- /home/dboullon/git/DrCoffee84/promos-menshen/package.json
> git cat-file -s 95fab7125dd6896143a877071b2884a25846e05a
> git status -z -u
> git symbolic-ref --short HEAD
> git rev-parse master
> git rev-parse --symbolic-full-name master@{u}
> git rev-list --left-right master...refs/remotes/origin/master
> git for-each-ref --sort -committerdate --format %(refname) %(objectname)
> git remote --verbose
> git config --get commit.template
> git show --textconv :openshift/template.yaml
> git ls-files --stage -- /home/dboullon/git/DrCoffee84/promos-menshen/openshift/template.yaml
> git cat-file -s dc4f04c9dc86bea60e434bd808f0c1832252113d
> git check-ignore -v -z --stdin
> git show --textconv :openshift/pipelines/ci/Jenkinsfile
> git ls-files --stage -- /home/dboullon/git/DrCoffee84/promos-menshen/openshift/pipelines/ci/Jenkinsfile
> git cat-file -s a15d57d79fc0728971179fcdb1211f3fd064e2ca
> git show --textconv :package.json
> git ls-files --stage -- /home/dboullon/git/DrCoffee84/promos-menshen/package.json
> git cat-file -s 95fab7125dd6896143a877071b2884a25846e05a
> git status -z -u
> git symbolic-ref --short HEAD
> git rev-parse master
> git rev-parse --symbolic-full-name master@{u}
> git rev-list --left-right master...refs/remotes/origin/master
> git for-each-ref --sort -committerdate --format %(refname) %(objectname)
> git remote --verbose
> git config --get commit.template
> git show --textconv :server.js
> git ls-files --stage -- /home/dboullon/git/DrCoffee84/promos-menshen/server.js
> git cat-file -s 125bd8a1b55945b7e34f888e7cf9d57788fb14f5
> git show --textconv :package.json
> git ls-files --stage -- /home/dboullon/git/DrCoffee84/promos-menshen/package.json
> git cat-file -s 95fab7125dd6896143a877071b2884a25846e05a
> git show --textconv HEAD:package.json
> git ls-tree -l HEAD -- /home/dboullon/git/DrCoffee84/promos-menshen/package.json
git.stage 1
git.stage.scmResources 1
> git add -A -- /home/dboullon/git/DrCoffee84/promos-menshen/package.json
> git status -z -u
> git symbolic-ref --short HEAD
> git rev-parse master
> git rev-parse --symbolic-full-name master@{u}
> git rev-list --left-right master...refs/remotes/origin/master
> git for-each-ref --sort -committerdate --format %(refname) %(objectname)
> git remote --verbose
> git config --get commit.template
> git ls-files --stage -- /home/dboullon/git/DrCoffee84/promos-menshen/package.json
> git cat-file -s aed39e6c078e61ca6f61871e96112a1bfb623972
> git show --textconv :package.json
> git status -z -u
> git symbolic-ref --short HEAD
> git rev-parse master
> git rev-parse --symbolic-full-name master@{u}
> git rev-list --left-right master...refs/remotes/origin/master
> git for-each-ref --sort -committerdate --format %(refname) %(objectname)
> git remote --verbose
> git config --get commit.template
> git show --textconv HEAD:package.json
> git show --textconv :package.json
> git ls-tree -l HEAD -- /home/dboullon/git/DrCoffee84/promos-menshen/package.json
> git ls-files --stage -- /home/dboullon/git/DrCoffee84/promos-menshen/package.json
> git cat-file -s aed39e6c078e61ca6f61871e96112a1bfb623972
> git check-ignore -v -z --stdin
> git branch
> git reset -q HEAD -- /home/dboullon/git/DrCoffee84/promos-menshen/package.json
> git status -z -u
> git symbolic-ref --short HEAD
> git rev-parse master
> git rev-parse --symbolic-full-name master@{u}
> git rev-list --left-right master...refs/remotes/origin/master
> git for-each-ref --sort -committerdate --format %(refname) %(objectname)
> git remote --verbose
> git config --get commit.template
> git ls-tree -l HEAD -- /home/dboullon/git/DrCoffee84/promos-menshen/package.json
> git ls-files --stage -- /home/dboullon/git/DrCoffee84/promos-menshen/package.json
> git cat-file -s 95fab7125dd6896143a877071b2884a25846e05a
> git show --textconv HEAD:package.json
> git show --textconv :package.json
> git status -z -u
> git symbolic-ref --short HEAD
> git rev-parse master
> git rev-parse --symbolic-full-name master@{u}
> git rev-list --left-right master...refs/remotes/origin/master
> git for-each-ref --sort -committerdate --format %(refname) %(objectname)
> git remote --verbose
> git config --get commit.template
> git show --textconv :package.json
> git ls-files --stage -- /home/dboullon/git/DrCoffee84/promos-menshen/package.json
> git cat-file -s 95fab7125dd6896143a877071b2884a25846e05a
> git show --textconv :openshift/pipelines/ci/Jenkinsfile
> git ls-files --stage -- /home/dboullon/git/DrCoffee84/promos-menshen/openshift/pipelines/ci/Jenkinsfile
> git cat-file -s a15d57d79fc0728971179fcdb1211f3fd064e2ca
> git show --textconv :openshift/template.yaml
> git ls-files --stage -- /home/dboullon/git/DrCoffee84/promos-menshen/openshift/template.yaml
> git cat-file -s dc4f04c9dc86bea60e434bd808f0c1832252113d
> git status -z -u
> git symbolic-ref --short HEAD
> git rev-parse master
> git rev-parse --symbolic-full-name master@{u}
> git rev-list --left-right master...refs/remotes/origin/master
> git for-each-ref --sort -committerdate --format %(refname) %(objectname)
> git remote --verbose
> git config --get commit.template
> git show --textconv :package.json
> git ls-files --stage -- /home/dboullon/git/DrCoffee84/promos-menshen/package.json
> git cat-file -s 95fab7125dd6896143a877071b2884a25846e05a
> git status -z -u
> git symbolic-ref --short HEAD
> git rev-parse master
> git rev-parse --symbolic-full-name master@{u}
> git rev-list --left-right master...refs/remotes/origin/master
> git for-each-ref --sort -committerdate --format %(refname) %(objectname)
> git remote --verbose
> git config --get commit.template
> git status -z -u
> git symbolic-ref --short HEAD
> git rev-parse master
> git rev-parse --symbolic-full-name master@{u}
> git rev-list --left-right master...refs/remotes/origin/master
> git for-each-ref --sort -committerdate --format %(refname) %(objectname)
> git remote --verbose
> git config --get commit.template
> git status -z -u
> git symbolic-ref --short HEAD
> git rev-parse master
> git rev-parse --symbolic-full-name master@{u}
> git rev-list --left-right master...refs/remotes/origin/master
> git for-each-ref --sort -committerdate --format %(refname) %(objectname)
> git remote --verbose
> git config --get commit.template
> git ls-files --stage -- /home/dboullon/git/DrCoffee84/promos-menshen/package.json
> git cat-file -s 95fab7125dd6896143a877071b2884a25846e05a
> git show --textconv :package.json
> git status -z -u
> git symbolic-ref --short HEAD
> git rev-parse master
> git rev-parse --symbolic-full-name master@{u}
> git rev-list --left-right master...refs/remotes/origin/master
> git for-each-ref --sort -committerdate --format %(refname) %(objectname)
> git remote --verbose
> git config --get commit.template
> git status -z -u
> git symbolic-ref --short HEAD
> git rev-parse master
> git rev-parse --symbolic-full-name master@{u}
> git rev-list --left-right master...refs/remotes/origin/master
> git for-each-ref --sort -committerdate --format %(refname) %(objectname)
> git remote --verbose
> git config --get commit.template
> git check-ignore -v -z --stdin
> git status -z -u
> git symbolic-ref --short HEAD
> git rev-parse master
> git rev-parse --symbolic-full-name master@{u}
> git rev-list --left-right master...refs/remotes/origin/master
> git for-each-ref --sort -committerdate --format %(refname) %(objectname)
> git remote --verbose
> git config --get commit.template
> git check-ignore -v -z --stdin
> git status -z -u
> git symbolic-ref --short HEAD
> git rev-parse master
> git rev-parse --symbolic-full-name master@{u}
> git rev-list --left-right master...refs/remotes/origin/master
> git for-each-ref --sort -committerdate --format %(refname) %(objectname)
> git remote --verbose
> git config --get commit.template
> git show --textconv HEAD:package.json
> git ls-tree -l HEAD -- /home/dboullon/git/DrCoffee84/promos-menshen/package.json
> git log --format=%H%n%aN%n%aE%n%at%n%ct%n%P%n%B -z -n21 -- /home/dboullon/git/DrCoffee84/promos-menshen/package.json
> git status -z -u
> git symbolic-ref --short HEAD
> git rev-parse master
> git rev-parse --symbolic-full-name master@{u}
> git rev-list --left-right master...refs/remotes/origin/master
> git for-each-ref --sort -committerdate --format %(refname) %(objectname)
> git remote --verbose
> git config --get commit.template
> git rev-list --count 429b27bd8c60e1634529138479d3013ce22b6470.. -- /home/dboullon/git/DrCoffee84/promos-menshen/package.json
> git log --format=%H%n%aN%n%aE%n%at%n%ct%n%P%n%B -z -n4 -- /home/dboullon/git/DrCoffee84/promos-menshen/package.json
> git show --textconv :package.json
> git ls-files --stage -- /home/dboullon/git/DrCoffee84/promos-menshen/package.json
> git cat-file -s 95fab7125dd6896143a877071b2884a25846e05a
> git checkout -q -- /home/dboullon/git/DrCoffee84/promos-menshen/package.json
> git status -z -u
> git symbolic-ref --short HEAD
> git rev-parse master
> git rev-parse --symbolic-full-name master@{u}
> git rev-list --left-right master...refs/remotes/origin/master
> git for-each-ref --sort -committerdate --format %(refname) %(objectname)
> git remote --verbose
> git config --get commit.template
> git status -z -u
> git symbolic-ref --short HEAD
> git rev-parse master
> git rev-parse --symbolic-full-name master@{u}
> git rev-list --left-right master...refs/remotes/origin/master
> git for-each-ref --sort -committerdate --format %(refname) %(objectname)
> git remote --verbose
> git ls-files --stage -- /home/dboullon/git/DrCoffee84/promos-menshen/package.json
> git ls-tree -l HEAD -- /home/dboullon/git/DrCoffee84/promos-menshen/package.json
> git cat-file -s 95fab7125dd6896143a877071b2884a25846e05a
> git config --get commit.template
> git show --textconv :package.json
> git show --textconv HEAD:package.json
> git rev-list --count 429b27bd8c60e1634529138479d3013ce22b6470.. -- /home/dboullon/git/DrCoffee84/promos-menshen/package.json
> git log --format=%H%n%aN%n%aE%n%at%n%ct%n%P%n%B -z -n4 -- /home/dboullon/git/DrCoffee84/promos-menshen/package.json
> git status -z -u
> git symbolic-ref --short HEAD
> git rev-parse master
> git rev-parse --symbolic-full-name master@{u}
> git rev-list --left-right master...refs/remotes/origin/master
> git for-each-ref --sort -committerdate --format %(refname) %(objectname)
> git remote --verbose
> git config --get commit.template
> git show --textconv :openshift/template.yaml
> git ls-files --stage -- /home/dboullon/git/DrCoffee84/promos-menshen/openshift/template.yaml
> git cat-file -s dc4f04c9dc86bea60e434bd808f0c1832252113d
> git status -z -u
> git symbolic-ref --short HEAD
> git rev-parse master
> git rev-parse --symbolic-full-name master@{u}
> git rev-list --left-right master...refs/remotes/origin/master
> git for-each-ref --sort -committerdate --format %(refname) %(objectname)
> git remote --verbose
> git config --get commit.template
> git show --textconv :openshift/pipelines/ci/Jenkinsfile
> git ls-files --stage -- /home/dboullon/git/DrCoffee84/promos-menshen/openshift/pipelines/ci/Jenkinsfile
> git cat-file -s a15d57d79fc0728971179fcdb1211f3fd064e2ca
> git check-ignore -v -z --stdin
> git show --textconv :package-lock.json
> git ls-files --stage -- /home/dboullon/git/DrCoffee84/promos-menshen/package-lock.json
> git cat-file -s be527524058e2494597e4f06fd9fb368d12afab7
> git show --textconv :openshift/template.yaml
> git ls-files --stage -- /home/dboullon/git/DrCoffee84/promos-menshen/openshift/template.yaml
> git cat-file -s dc4f04c9dc86bea60e434bd808f0c1832252113d
> git show --textconv :openshift/README.md
> git ls-files --stage -- /home/dboullon/git/DrCoffee84/promos-menshen/openshift/README.md
> git cat-file -s 4b4dda48a2b2f4ff2bf884b05d767b2a4677b34c
> git show --textconv :openshift/pipelines/ci/Jenkinsfile
> git ls-files --stage -- /home/dboullon/git/DrCoffee84/promos-menshen/openshift/pipelines/ci/Jenkinsfile
> git cat-file -s a15d57d79fc0728971179fcdb1211f3fd064e2ca
> git status -z -u
> git symbolic-ref --short HEAD
> git rev-parse master
> git rev-parse --symbolic-full-name master@{u}
> git rev-list --left-right master...refs/remotes/origin/master
> git for-each-ref --sort -committerdate --format %(refname) %(objectname)
> git remote --verbose
> git config --get commit.template
> git status -z -u
> git symbolic-ref --short HEAD
> git rev-parse master
> git rev-parse --symbolic-full-name master@{u}
> git rev-list --left-right master...refs/remotes/origin/master
> git for-each-ref --sort -committerdate --format %(refname) %(objectname)
> git remote --verbose
> git config --get commit.template
> git status -z -u
> git symbolic-ref --short HEAD
> git rev-parse master
> git rev-parse --symbolic-full-name master@{u}
> git rev-list --left-right master...refs/remotes/origin/master
> git for-each-ref --sort -committerdate --format %(refname) %(objectname)
> git remote --verbose
> git config --get commit.template
> git check-ignore -v -z --stdin
> git status -z -u
> git symbolic-ref --short HEAD
> git rev-parse master
> git rev-parse --symbolic-full-name master@{u}
> git rev-list --left-right master...refs/remotes/origin/master
> git for-each-ref --sort -committerdate --format %(refname) %(objectname)
> git remote --verbose
> git config --get commit.template
> git status -z -u
> git symbolic-ref --short HEAD
> git rev-parse master
> git rev-parse --symbolic-full-name master@{u}
> git rev-list --left-right master...refs/remotes/origin/master
> git for-each-ref --sort -committerdate --format %(refname) %(objectname)
> git remote --verbose
> git config --get commit.template
> git show --textconv :openshift/template.yaml
> git ls-files --stage -- /home/dboullon/git/DrCoffee84/promos-menshen/openshift/template.yaml
> git cat-file -s dc4f04c9dc86bea60e434bd808f0c1832252113d
> git status -z -u
> git symbolic-ref --short HEAD
> git rev-parse master
> git rev-parse --symbolic-full-name master@{u}
> git rev-list --left-right master...refs/remotes/origin/master
> git for-each-ref --sort -committerdate --format %(refname) %(objectname)
> git remote --verbose
> git config --get commit.template
> git status -z -u
> git symbolic-ref --short HEAD
> git rev-parse master
> git rev-parse --symbolic-full-name master@{u}
> git rev-list --left-right master...refs/remotes/origin/master
> git for-each-ref --sort -committerdate --format %(refname) %(objectname)
> git remote --verbose
> git config --get commit.template
> git status -z -u
> git symbolic-ref --short HEAD
> git rev-parse master
> git rev-parse --symbolic-full-name master@{u}
> git rev-list --left-right master...refs/remotes/origin/master
> git for-each-ref --sort -committerdate --format %(refname) %(objectname)
> git remote --verbose
> git config --get commit.template
> git status -z -u
> git symbolic-ref --short HEAD
> git rev-parse master
> git rev-parse --symbolic-full-name master@{u}
> git rev-list --left-right master...refs/remotes/origin/master
> git for-each-ref --sort -committerdate --format %(refname) %(objectname)
> git remote --verbose
> git config --get commit.template
> git status -z -u
> git symbolic-ref --short HEAD
> git rev-parse master
> git rev-parse --symbolic-full-name master@{u}
> git rev-list --left-right master...refs/remotes/origin/master
> git for-each-ref --sort -committerdate --format %(refname) %(objectname)
> git remote --verbose
> git config --get commit.template
> git status -z -u
> git symbolic-ref --short HEAD
> git rev-parse master
> git rev-parse --symbolic-full-name master@{u}
> git rev-list --left-right master...refs/remotes/origin/master
> git for-each-ref --sort -committerdate --format %(refname) %(objectname)
> git remote --verbose
> git config --get commit.template
> git status -z -u
> git symbolic-ref --short HEAD
> git rev-parse master
> git rev-parse --symbolic-full-name master@{u}
> git rev-list --left-right master...refs/remotes/origin/master
> git for-each-ref --sort -committerdate --format %(refname) %(objectname)
> git remote --verbose
> git config --get commit.template
> git status -z -u
> git symbolic-ref --short HEAD
> git rev-parse master
> git rev-parse --symbolic-full-name master@{u}
> git rev-list --left-right master...refs/remotes/origin/master
> git for-each-ref --sort -committerdate --format %(refname) %(objectname)
> git remote --verbose
> git config --get commit.template
> git status -z -u
> git symbolic-ref --short HEAD
> git rev-parse master
> git rev-parse --symbolic-full-name master@{u}
> git rev-list --left-right master...refs/remotes/origin/master
> git for-each-ref --sort -committerdate --format %(refname) %(objectname)
> git remote --verbose
> git config --get commit.template
> git status -z -u
> git symbolic-ref --short HEAD
> git rev-parse master
> git rev-parse --symbolic-full-name master@{u}
> git rev-list --left-right master...refs/remotes/origin/master
> git for-each-ref --sort -committerdate --format %(refname) %(objectname)
> git remote --verbose
> git config --get commit.template
> git status -z -u
> git symbolic-ref --short HEAD
> git rev-parse master
> git rev-parse --symbolic-full-name master@{u}
> git rev-list --left-right master...refs/remotes/origin/master
> git for-each-ref --sort -committerdate --format %(refname) %(objectname)
> git remote --verbose
> git config --get commit.template
> git status -z -u
> git symbolic-ref --short HEAD
> git rev-parse master
> git rev-parse --symbolic-full-name master@{u}
> git rev-list --left-right master...refs/remotes/origin/master
> git for-each-ref --sort -committerdate --format %(refname) %(objectname)
> git remote --verbose
> git config --get commit.template
> git status -z -u
> git symbolic-ref --short HEAD
> git rev-parse master
> git rev-parse --symbolic-full-name master@{u}
> git rev-list --left-right master...refs/remotes/origin/master
> git for-each-ref --sort -committerdate --format %(refname) %(objectname)
> git remote --verbose
> git config --get commit.template
> git status -z -u
> git symbolic-ref --short HEAD
> git rev-parse master
> git rev-parse --symbolic-full-name master@{u}
> git rev-list --left-right master...refs/remotes/origin/master
> git for-each-ref --sort -committerdate --format %(refname) %(objectname)
> git remote --verbose
> git config --get commit.template
> git status -z -u
> git symbolic-ref --short HEAD
> git rev-parse master
> git rev-parse --symbolic-full-name master@{u}
> git rev-list --left-right master...refs/remotes/origin/master
> git for-each-ref --sort -committerdate --format %(refname) %(objectname)
> git remote --verbose
> git config --get commit.template
> git status -z -u
> git symbolic-ref --short HEAD
> git rev-parse master
> git rev-parse --symbolic-full-name master@{u}
> git rev-list --left-right master...refs/remotes/origin/master
> git for-each-ref --sort -committerdate --format %(refname) %(objectname)
> git remote --verbose
> git config --get commit.template
> git status -z -u
> git symbolic-ref --short HEAD
> git rev-parse master
> git rev-parse --symbolic-full-name master@{u}
> git rev-list --left-right master...refs/remotes/origin/master
> git for-each-ref --sort -committerdate --format %(refname) %(objectname)
> git remote --verbose
> git config --get commit.template
> git status -z -u
> git symbolic-ref --short HEAD
> git rev-parse master
> git rev-parse --symbolic-full-name master@{u}
> git rev-list --left-right master...refs/remotes/origin/master
> git for-each-ref --sort -committerdate --format %(refname) %(objectname)
> git remote --verbose
> git config --get commit.template
> git status -z -u
> git symbolic-ref --short HEAD
> git rev-parse master
> git rev-parse --symbolic-full-name master@{u}
> git rev-list --left-right master...refs/remotes/origin/master
> git for-each-ref --sort -committerdate --format %(refname) %(objectname)
> git remote --verbose
> git config --get commit.template
> git status -z -u
> git symbolic-ref --short HEAD
> git rev-parse master
> git rev-parse --symbolic-full-name master@{u}
> git rev-list --left-right master...refs/remotes/origin/master
> git for-each-ref --sort -committerdate --format %(refname) %(objectname)
> git remote --verbose
> git config --get commit.template
> git status -z -u
> git symbolic-ref --short HEAD
> git rev-parse master
> git rev-parse --symbolic-full-name master@{u}
> git rev-list --left-right master...refs/remotes/origin/master
> git for-each-ref --sort -committerdate --format %(refname) %(objectname)
> git remote --verbose
> git config --get commit.template
> git status -z -u
> git symbolic-ref --short HEAD
> git rev-parse master
> git rev-parse --symbolic-full-name master@{u}
> git rev-list --left-right master...refs/remotes/origin/master
> git for-each-ref --sort -committerdate --format %(refname) %(objectname)
> git remote --verbose
> git config --get commit.template
> git show --textconv :openshift/template.yaml
> git ls-files --stage -- /home/dboullon/git/DrCoffee84/promos-menshen/openshift/template.yaml
> git cat-file -s dc4f04c9dc86bea60e434bd808f0c1832252113d
> git show --textconv :openshift/pipelines/ci/Jenkinsfile
> git ls-files --stage -- /home/dboullon/git/DrCoffee84/promos-menshen/openshift/pipelines/ci/Jenkinsfile
> git cat-file -s a15d57d79fc0728971179fcdb1211f3fd064e2ca
> git show --textconv :package.json
> git ls-files --stage -- /home/dboullon/git/DrCoffee84/promos-menshen/package.json
> git cat-file -s 95fab7125dd6896143a877071b2884a25846e05a
> git show --textconv :package-lock.json
> git ls-files --stage -- /home/dboullon/git/DrCoffee84/promos-menshen/package-lock.json
> git cat-file -s be527524058e2494597e4f06fd9fb368d12afab7
> git show --textconv :package.json
> git ls-files --stage -- /home/dboullon/git/DrCoffee84/promos-menshen/package.json
> git cat-file -s 95fab7125dd6896143a877071b2884a25846e05a
> git status -z -u
> git symbolic-ref --short HEAD
> git rev-parse master
> git rev-parse --symbolic-full-name master@{u}
> git rev-list --left-right master...refs/remotes/origin/master
> git for-each-ref --sort -committerdate --format %(refname) %(objectname)
> git remote --verbose
> git config --get commit.template
> git status -z -u
> git symbolic-ref --short HEAD
> git rev-parse master
> git rev-parse --symbolic-full-name master@{u}
> git rev-list --left-right master...refs/remotes/origin/master
> git for-each-ref --sort -committerdate --format %(refname) %(objectname)
> git remote --verbose
> git config --get commit.template
> git status -z -u
> git symbolic-ref --short HEAD
> git rev-parse master
> git rev-parse --symbolic-full-name master@{u}
> git rev-list --left-right master...refs/remotes/origin/master
> git for-each-ref --sort -committerdate --format %(refname) %(objectname)
> git remote --verbose
> git config --get commit.template
> git show --textconv :openshift/pipelines/ci/Jenkinsfile
> git ls-files --stage -- /home/dboullon/git/DrCoffee84/promos-menshen/openshift/pipelines/ci/Jenkinsfile
> git cat-file -s a15d57d79fc0728971179fcdb1211f3fd064e2ca
> git show --textconv :package.json
> git ls-files --stage -- /home/dboullon/git/DrCoffee84/promos-menshen/package.json
> git cat-file -s 95fab7125dd6896143a877071b2884a25846e05a
> git show --textconv :openshift/template.yaml
> git ls-files --stage -- /home/dboullon/git/DrCoffee84/promos-menshen/openshift/template.yaml
> git cat-file -s dc4f04c9dc86bea60e434bd808f0c1832252113d
> git status -z -u
> git symbolic-ref --short HEAD
> git rev-parse master
> git rev-parse --symbolic-full-name master@{u}
> git rev-list --left-right master...refs/remotes/origin/master
> git for-each-ref --sort -committerdate --format %(refname) %(objectname)
> git remote --verbose
> git config --get commit.template
> git show --textconv :package-lock.json
> git ls-files --stage -- /home/dboullon/git/DrCoffee84/promos-menshen/package-lock.json
> git cat-file -s be527524058e2494597e4f06fd9fb368d12afab7
> git show --textconv :package.json
> git ls-files --stage -- /home/dboullon/git/DrCoffee84/promos-menshen/package.json
> git cat-file -s 95fab7125dd6896143a877071b2884a25846e05a
> git status -z -u
> git symbolic-ref --short HEAD
> git rev-parse master
> git rev-parse --symbolic-full-name master@{u}
> git rev-list --left-right master...refs/remotes/origin/master
> git for-each-ref --sort -committerdate --format %(refname) %(objectname)
> git remote --verbose
> git config --get commit.template
> git status -z -u
> git symbolic-ref --short HEAD
> git rev-parse master
> git rev-parse --symbolic-full-name master@{u}
> git rev-list --left-right master...refs/remotes/origin/master
> git for-each-ref --sort -committerdate --format %(refname) %(objectname)
> git remote --verbose
> git config --get commit.template
> git ls-files --stage -- /home/dboullon/git/DrCoffee84/promos-menshen/package.json
> git ls-tree -l HEAD -- /home/dboullon/git/DrCoffee84/promos-menshen/package.json
> git cat-file -s 12a351632ed092e4f8d387abb2036a5078b4d031
> git show --textconv HEAD:package.json
> git show --textconv :package.json
> git status -z -u
> git symbolic-ref --short HEAD
> git rev-parse master
> git rev-parse --symbolic-full-name master@{u}
> git rev-list --left-right master...refs/remotes/origin/master
> git for-each-ref --sort -committerdate --format %(refname) %(objectname)
> git remote --verbose
> git config --get commit.template
> git ls-files --stage -- /home/dboullon/git/DrCoffee84/promos-menshen/package.json
> git ls-tree -l HEAD -- /home/dboullon/git/DrCoffee84/promos-menshen/package.json
> git cat-file -s 12a351632ed092e4f8d387abb2036a5078b4d031
> git show --textconv HEAD:package.json
> git show --textconv :package.json
> git status -z -u
> git symbolic-ref --short HEAD
> git rev-parse master
> git rev-parse --symbolic-full-name master@{u}
> git rev-list --left-right master...refs/remotes/origin/master
> git for-each-ref --sort -committerdate --format %(refname) %(objectname)
> git remote --verbose
> git config --get commit.template
> git show --textconv :openshift/template.yaml
> git ls-files --stage -- /home/dboullon/git/DrCoffee84/promos-menshen/openshift/template.yaml
> git cat-file -s 54c8f2a7f71a2d0e07d07e5816efb49e16f41de7
> git status -z -u
> git symbolic-ref --short HEAD
> git rev-parse master
> git rev-parse --symbolic-full-name master@{u}
> git rev-list --left-right master...refs/remotes/origin/master
> git for-each-ref --sort -committerdate --format %(refname) %(objectname)
> git remote --verbose
> git config --get commit.template
> git status -z -u
> git symbolic-ref --short HEAD
> git rev-parse master
> git rev-parse --symbolic-full-name master@{u}
> git rev-list --left-right master...refs/remotes/origin/master
> git for-each-ref --sort -committerdate --format %(refname) %(objectname)
> git remote --verbose
> git config --get commit.template
> git ls-tree -l HEAD -- /home/dboullon/git/DrCoffee84/promos-menshen/package.json
> git ls-files --stage -- /home/dboullon/git/DrCoffee84/promos-menshen/openshift/template.yaml
> git cat-file -s 31496dad20fe0da17c2884176bba778b363c3666
> git show --textconv HEAD:package.json
> git show --textconv :openshift/template.yaml
> git status -z -u
> git symbolic-ref --short HEAD
> git rev-parse master
> git rev-parse --symbolic-full-name master@{u}
> git rev-list --left-right master...refs/remotes/origin/master
> git for-each-ref --sort -committerdate --format %(refname) %(objectname)
> git remote --verbose
> git config --get commit.template
> git status -z -u
> git ls-tree -l HEAD -- /home/dboullon/git/DrCoffee84/promos-menshen/package.json
> git ls-files --stage -- /home/dboullon/git/DrCoffee84/promos-menshen/openshift/template.yaml
> git symbolic-ref --short HEAD
> git cat-file -s 31496dad20fe0da17c2884176bba778b363c3666
> git rev-parse master
> git show --textconv HEAD:package.json
> git rev-parse --symbolic-full-name master@{u}
> git show --textconv :openshift/template.yaml
> git rev-list --left-right master...refs/remotes/origin/master
> git for-each-ref --sort -committerdate --format %(refname) %(objectname)
> git remote --verbose
> git config --get commit.template
> git status -z -u
> git symbolic-ref --short HEAD
> git rev-parse master
> git rev-parse --symbolic-full-name master@{u}
> git rev-list --left-right master...refs/remotes/origin/master
> git for-each-ref --sort -committerdate --format %(refname) %(objectname)
> git remote --verbose
> git config --get commit.template
> git status -z -u
> git symbolic-ref --short HEAD
> git rev-parse master
> git rev-parse --symbolic-full-name master@{u}
> git rev-list --left-right master...refs/remotes/origin/master
> git for-each-ref --sort -committerdate --format %(refname) %(objectname)
> git remote --verbose
> git config --get commit.template
> git status -z -u
> git symbolic-ref --short HEAD
> git rev-parse master
> git rev-parse --symbolic-full-name master@{u}
> git rev-list --left-right master...refs/remotes/origin/master
> git for-each-ref --sort -committerdate --format %(refname) %(objectname)
> git remote --verbose
> git config --get commit.template
> git show --textconv :package-lock.json
> git ls-files --stage -- /home/dboullon/git/DrCoffee84/promos-menshen/package-lock.json
> git cat-file -s 3194926f4fac50cdccea3e7f0b2d1fc031bb8c22
> git status -z -u
> git symbolic-ref --short HEAD
> git rev-parse master
> git rev-parse --symbolic-full-name master@{u}
> git rev-list --left-right master...refs/remotes/origin/master
> git for-each-ref --sort -committerdate --format %(refname) %(objectname)
> git remote --verbose
> git config --get commit.template
> git show --textconv :openshift/template.yaml
> git ls-files --stage -- /home/dboullon/git/DrCoffee84/promos-menshen/openshift/template.yaml
> git cat-file -s 31496dad20fe0da17c2884176bba778b363c3666
> git status -z -u
> git symbolic-ref --short HEAD
> git rev-parse master
> git rev-parse --symbolic-full-name master@{u}
> git rev-list --left-right master...refs/remotes/origin/master
> git for-each-ref --sort -committerdate --format %(refname) %(objectname)
> git remote --verbose
> git config --get commit.template
> git status -z -u
> git symbolic-ref --short HEAD
> git rev-parse master
> git rev-parse --symbolic-full-name master@{u}
> git rev-list --left-right master...refs/remotes/origin/master
> git for-each-ref --sort -committerdate --format %(refname) %(objectname)
> git remote --verbose
> git config --get commit.template
> git status -z -u
> git symbolic-ref --short HEAD
> git rev-parse master
> git rev-parse --symbolic-full-name master@{u}
> git rev-list --left-right master...refs/remotes/origin/master
> git for-each-ref --sort -committerdate --format %(refname) %(objectname)
> git remote --verbose
> git config --get commit.template
> git status -z -u
> git symbolic-ref --short HEAD
> git rev-parse master
> git rev-parse --symbolic-full-name master@{u}
> git rev-list --left-right master...refs/remotes/origin/master
> git for-each-ref --sort -committerdate --format %(refname) %(objectname)
> git remote --verbose
> git config --get commit.template
> git ls-tree -l HEAD -- /home/dboullon/git/DrCoffee84/promos-menshen/package.json
> git ls-files --stage -- /home/dboullon/git/DrCoffee84/promos-menshen/openshift/template.yaml
> git cat-file -s dc4f04c9dc86bea60e434bd808f0c1832252113d
> git show --textconv HEAD:package.json
> git show --textconv :openshift/template.yaml
> git status -z -u
> git symbolic-ref --short HEAD
> git rev-parse master
> git rev-parse --symbolic-full-name master@{u}
> git rev-list --left-right master...refs/remotes/origin/master
> git for-each-ref --sort -committerdate --format %(refname) %(objectname)
> git remote --verbose
> git config --get commit.template
> git status -z -u
> git symbolic-ref --short HEAD
> git ls-tree -l HEAD -- /home/dboullon/git/DrCoffee84/promos-menshen/package.json
> git ls-files --stage -- /home/dboullon/git/DrCoffee84/promos-menshen/openshift/template.yaml
> git rev-parse master
> git cat-file -s dc4f04c9dc86bea60e434bd808f0c1832252113d
> git show --textconv HEAD:package.json
> git rev-parse --symbolic-full-name master@{u}
> git rev-list --left-right master...refs/remotes/origin/master
> git show --textconv :openshift/template.yaml
> git for-each-ref --sort -committerdate --format %(refname) %(objectname)
> git remote --verbose
> git config --get commit.template
> git status -z -u
> git symbolic-ref --short HEAD
> git rev-parse master
> git rev-parse --symbolic-full-name master@{u}
> git rev-list --left-right master...refs/remotes/origin/master
> git for-each-ref --sort -committerdate --format %(refname) %(objectname)
> git remote --verbose
> git config --get commit.template
> git status -z -u
> git symbolic-ref --short HEAD
> git rev-parse master
> git rev-parse --symbolic-full-name master@{u}
> git rev-list --left-right master...refs/remotes/origin/master
> git for-each-ref --sort -committerdate --format %(refname) %(objectname)
> git remote --verbose
> git ls-tree -l HEAD -- /home/dboullon/git/DrCoffee84/promos-menshen/package.json
> git ls-files --stage -- /home/dboullon/git/DrCoffee84/promos-menshen/openshift/template.yaml
> git config --get commit.template
> git cat-file -s dc4f04c9dc86bea60e434bd808f0c1832252113d
> git show --textconv HEAD:package.json
> git show --textconv :openshift/template.yaml
> git ls-tree -l HEAD -- /home/dboullon/git/DrCoffee84/promos-menshen/package.json
> git ls-files --stage -- /home/dboullon/git/DrCoffee84/promos-menshen/openshift/template.yaml
> git cat-file -s fa3418d8e66949be20d51d4883724ba4137ddd96
> git show --textconv HEAD:package.json
> git show --textconv :openshift/template.yaml
> git status -z -u
> git symbolic-ref --short HEAD
> git rev-parse master
> git rev-parse --symbolic-full-name master@{u}
> git rev-list --left-right master...refs/remotes/origin/master
> git for-each-ref --sort -committerdate --format %(refname) %(objectname)
> git remote --verbose
Warning: Failed to watch ref '/home/dboullon/git/DrCoffee84/promos-menshen/.git/refs/remotes/origin/master', is most likely packed.
> git config --get commit.template
> git status -z -u
> git ls-tree -l HEAD -- /home/dboullon/git/DrCoffee84/promos-menshen/package.json
> git ls-files --stage -- /home/dboullon/git/DrCoffee84/promos-menshen/openshift/template.yaml
> git symbolic-ref --short HEAD
> git cat-file -s fa3418d8e66949be20d51d4883724ba4137ddd96
> git rev-parse master
> git show --textconv HEAD:package.json
> git rev-parse --symbolic-full-name master@{u}
> git show --textconv :openshift/template.yaml
> git rev-list --left-right master...refs/remotes/origin/master
> git for-each-ref --sort -committerdate --format %(refname) %(objectname)
> git remote --verbose
Warning: Failed to watch ref '/home/dboullon/git/DrCoffee84/promos-menshen/.git/refs/remotes/origin/master', is most likely packed.
> git config --get commit.template
> git show --textconv :openshift/pipelines/ci/Jenkinsfile
> git ls-files --stage -- /home/dboullon/git/DrCoffee84/promos-menshen/openshift/pipelines/ci/Jenkinsfile
> git cat-file -s d39d894a3749c4e63e7849df5a1e2cdd475f0b29
> git status -z -u
> git symbolic-ref --short HEAD
> git rev-parse master
> git rev-parse --symbolic-full-name master@{u}
> git rev-list --left-right master...refs/remotes/origin/master
> git for-each-ref --sort -committerdate --format %(refname) %(objectname)
> git remote --verbose
Warning: Failed to watch ref '/home/dboullon/git/DrCoffee84/promos-menshen/.git/refs/remotes/origin/master', is most likely packed.
> git config --get commit.template
> git status -z -u
> git symbolic-ref --short HEAD
> git rev-parse master
> git rev-parse --symbolic-full-name master@{u}
> git rev-list --left-right master...refs/remotes/origin/master
> git for-each-ref --sort -committerdate --format %(refname) %(objectname)
> git remote --verbose
Warning: Failed to watch ref '/home/dboullon/git/DrCoffee84/promos-menshen/.git/refs/remotes/origin/master', is most likely packed.
> git config --get commit.template
> git show --textconv :openshift/template.yaml
> git ls-files --stage -- /home/dboullon/git/DrCoffee84/promos-menshen/openshift/template.yaml
> git cat-file -s fa3418d8e66949be20d51d4883724ba4137ddd96
> git status -z -u
> git symbolic-ref --short HEAD
> git rev-parse master
> git rev-parse --symbolic-full-name master@{u}
> git rev-list --left-right master...refs/remotes/origin/master
> git for-each-ref --sort -committerdate --format %(refname) %(objectname)
> git remote --verbose
Warning: Failed to watch ref '/home/dboullon/git/DrCoffee84/promos-menshen/.git/refs/remotes/origin/master', is most likely packed.
> git config --get commit.template
> git status -z -u
> git symbolic-ref --short HEAD
> git rev-parse master
> git rev-parse --symbolic-full-name master@{u}
> git rev-list --left-right master...refs/remotes/origin/master
> git for-each-ref --sort -committerdate --format %(refname) %(objectname)
> git remote --verbose
Warning: Failed to watch ref '/home/dboullon/git/DrCoffee84/promos-menshen/.git/refs/remotes/origin/master', is most likely packed.
> git config --get commit.template
> git ls-tree -l HEAD -- /home/dboullon/git/DrCoffee84/promos-menshen/package.json
> git ls-files --stage -- /home/dboullon/git/DrCoffee84/promos-menshen/openshift/template.yaml
> git cat-file -s 6c29f8de27198e5623f95d4d9d312812d809bbef
> git show --textconv HEAD:package.json
> git show --textconv :openshift/template.yaml
> git status -z -u
> git symbolic-ref --short HEAD
> git rev-parse master
> git rev-parse --symbolic-full-name master@{u}
> git rev-list --left-right master...refs/remotes/origin/master
> git for-each-ref --sort -committerdate --format %(refname) %(objectname)
> git remote --verbose
> git config --get commit.template
