[2021-03-05 17:40:02.458] [exthost] [info] extension host started
[2021-03-05 17:40:02.473] [exthost] [info] ExtensionService#_doActivateExtension vscode.debug-auto-launch {"startup":true,"extensionId":{"value":"vscode.debug-auto-launch","_lower":"vscode.debug-auto-launch"},"activationEvent":"*"}
[2021-03-05 17:40:02.473] [exthost] [info] ExtensionService#loadCommonJSModule file:///usr/lib/code/extensions/debug-auto-launch/dist/extension
[2021-03-05 17:40:02.474] [exthost] [info] ExtensionService#_doActivateExtension vscode.git {"startup":true,"extensionId":{"value":"vscode.github","_lower":"vscode.github"},"activationEvent":"*"}
[2021-03-05 17:40:02.475] [exthost] [info] ExtensionService#loadCommonJSModule file:///usr/lib/code/extensions/git/dist/main
[2021-03-05 17:40:02.532] [exthost] [info] ExtensionService#_doActivateExtension vscode.github {"startup":true,"extensionId":{"value":"vscode.github","_lower":"vscode.github"},"activationEvent":"*"}
[2021-03-05 17:40:02.532] [exthost] [info] ExtensionService#loadCommonJSModule file:///usr/lib/code/extensions/github/dist/extension.js
[2021-03-05 17:40:02.535] [exthost] [info] ExtensionService#_doActivateExtension ms-vscode.js-debug {"startup":false,"extensionId":{"value":"ms-vscode.js-debug","_lower":"ms-vscode.js-debug"},"activationEvent":"onCommand:extension.js-debug.clearAutoAttachVariables"}
[2021-03-05 17:40:02.535] [exthost] [info] ExtensionService#loadCommonJSModule file:///usr/lib/code/extensions/ms-vscode.js-debug/src/extension.js
[2021-03-05 17:40:02.614] [exthost] [info] eager extensions activated
[2021-03-05 17:40:02.621] [exthost] [info] ExtensionService#_doActivateExtension vscode.emmet {"startup":false,"extensionId":{"value":"vscode.emmet","_lower":"vscode.emmet"},"activationEvent":"onStartupFinished"}
[2021-03-05 17:40:02.621] [exthost] [info] ExtensionService#loadCommonJSModule file:///usr/lib/code/extensions/emmet/dist/node/emmetNodeMain
[2021-03-05 17:40:02.626] [exthost] [info] ExtensionService#_doActivateExtension vscode.merge-conflict {"startup":false,"extensionId":{"value":"vscode.merge-conflict","_lower":"vscode.merge-conflict"},"activationEvent":"onStartupFinished"}
[2021-03-05 17:40:02.627] [exthost] [info] ExtensionService#loadCommonJSModule file:///usr/lib/code/extensions/merge-conflict/dist/mergeConflictMain
[2021-03-05 17:40:02.628] [exthost] [info] ExtensionService#_doActivateExtension vscode.testing-editor-contributions {"startup":false,"extensionId":{"value":"vscode.testing-editor-contributions","_lower":"vscode.testing-editor-contributions"},"activationEvent":"onStartupFinished"}
[2021-03-05 17:40:02.628] [exthost] [info] ExtensionService#loadCommonJSModule file:///usr/lib/code/extensions/testing-editor-contributions/dist/extension.js
[2021-03-05 17:40:10.162] [exthost] [info] extension host terminating: received terminate message from renderer
[2021-03-05 17:40:11.169] [exthost] [info] exiting with code 0
[2021-03-05 17:40:11.502] [exthost] [info] extension host started
[2021-03-05 17:40:11.582] [exthost] [info] ExtensionService#_doActivateExtension vscode.configuration-editing {"startup":false,"extensionId":{"value":"vscode.configuration-editing","_lower":"vscode.configuration-editing"},"activationEvent":"onLanguage:json"}
[2021-03-05 17:40:11.582] [exthost] [info] ExtensionService#loadCommonJSModule file:///usr/lib/code/extensions/configuration-editing/dist/configurationEditingMain
[2021-03-05 17:40:11.586] [exthost] [info] ExtensionService#_doActivateExtension vscode.extension-editing {"startup":false,"extensionId":{"value":"vscode.extension-editing","_lower":"vscode.extension-editing"},"activationEvent":"onLanguage:json"}
[2021-03-05 17:40:11.586] [exthost] [info] ExtensionService#loadCommonJSModule file:///usr/lib/code/extensions/extension-editing/dist/extensionEditingMain
[2021-03-05 17:40:11.590] [exthost] [info] ExtensionService#_doActivateExtension vscode.json-language-features {"startup":false,"extensionId":{"value":"vscode.json-language-features","_lower":"vscode.json-language-features"},"activationEvent":"onLanguage:json"}
[2021-03-05 17:40:11.591] [exthost] [info] ExtensionService#loadCommonJSModule file:///usr/lib/code/extensions/json-language-features/client/dist/node/jsonClientMain
[2021-03-05 17:40:11.607] [exthost] [info] ExtensionService#_doActivateExtension ms-vscode.js-debug {"startup":false,"extensionId":{"value":"ms-vscode.js-debug","_lower":"ms-vscode.js-debug"},"activationEvent":"onLanguage:json"}
[2021-03-05 17:40:11.607] [exthost] [info] ExtensionService#loadCommonJSModule file:///usr/lib/code/extensions/ms-vscode.js-debug/src/extension.js
[2021-03-05 17:40:11.658] [exthost] [info] ExtensionService#_doActivateExtension vscode.npm {"startup":false,"extensionId":{"value":"vscode.npm","_lower":"vscode.npm"},"activationEvent":"onLanguage:json"}
[2021-03-05 17:40:11.658] [exthost] [info] ExtensionService#loadCommonJSModule file:///usr/lib/code/extensions/npm/dist/npmMain
[2021-03-05 17:40:11.664] [exthost] [info] ExtensionService#_doActivateExtension vscode.debug-auto-launch {"startup":true,"extensionId":{"value":"vscode.debug-auto-launch","_lower":"vscode.debug-auto-launch"},"activationEvent":"*"}
[2021-03-05 17:40:11.664] [exthost] [info] ExtensionService#loadCommonJSModule file:///usr/lib/code/extensions/debug-auto-launch/dist/extension
[2021-03-05 17:40:11.665] [exthost] [info] ExtensionService#_doActivateExtension vscode.git {"startup":true,"extensionId":{"value":"vscode.github","_lower":"vscode.github"},"activationEvent":"*"}
[2021-03-05 17:40:11.665] [exthost] [info] ExtensionService#loadCommonJSModule file:///usr/lib/code/extensions/git/dist/main
[2021-03-05 17:40:11.765] [exthost] [info] ExtensionService#_doActivateExtension vscode.github {"startup":true,"extensionId":{"value":"vscode.github","_lower":"vscode.github"},"activationEvent":"*"}
[2021-03-05 17:40:11.765] [exthost] [info] ExtensionService#loadCommonJSModule file:///usr/lib/code/extensions/github/dist/extension.js
[2021-03-05 17:40:11.822] [exthost] [warning] [Decorations] CAPPING events from decorations provider vscode.git 1090
[2021-03-05 17:40:11.839] [exthost] [info] eager extensions activated
[2021-03-05 17:40:12.087] [exthost] [info] ExtensionService#_doActivateExtension vscode.emmet {"startup":false,"extensionId":{"value":"vscode.emmet","_lower":"vscode.emmet"},"activationEvent":"onStartupFinished"}
[2021-03-05 17:40:12.087] [exthost] [info] ExtensionService#loadCommonJSModule file:///usr/lib/code/extensions/emmet/dist/node/emmetNodeMain
[2021-03-05 17:40:12.090] [exthost] [info] ExtensionService#_doActivateExtension vscode.merge-conflict {"startup":false,"extensionId":{"value":"vscode.merge-conflict","_lower":"vscode.merge-conflict"},"activationEvent":"onStartupFinished"}
[2021-03-05 17:40:12.090] [exthost] [info] ExtensionService#loadCommonJSModule file:///usr/lib/code/extensions/merge-conflict/dist/mergeConflictMain
[2021-03-05 17:40:12.092] [exthost] [info] ExtensionService#_doActivateExtension vscode.testing-editor-contributions {"startup":false,"extensionId":{"value":"vscode.testing-editor-contributions","_lower":"vscode.testing-editor-contributions"},"activationEvent":"onStartupFinished"}
[2021-03-05 17:40:12.093] [exthost] [info] ExtensionService#loadCommonJSModule file:///usr/lib/code/extensions/testing-editor-contributions/dist/extension.js
[2021-03-05 17:40:29.108] [exthost] [warning] [Decorations] CAPPING events from decorations provider vscode.git 1091
[2021-03-05 17:43:03.705] [exthost] [warning] [Decorations] CAPPING events from decorations provider vscode.git 1086
[2021-03-05 17:44:14.192] [exthost] [warning] [Decorations] CAPPING events from decorations provider vscode.git 1086
[2021-03-05 17:44:31.169] [exthost] [warning] [Decorations] CAPPING events from decorations provider vscode.git 1087
[2021-03-05 17:45:07.365] [exthost] [warning] [Decorations] CAPPING events from decorations provider vscode.git 1089
[2021-03-05 17:46:28.875] [exthost] [warning] [Decorations] CAPPING events from decorations provider vscode.git 1088
[2021-03-05 17:46:35.295] [exthost] [warning] [Decorations] CAPPING events from decorations provider vscode.git 1088
[2021-03-05 17:47:01.531] [exthost] [warning] [Decorations] CAPPING events from decorations provider vscode.git 1088
[2021-03-05 17:47:06.620] [exthost] [warning] [Decorations] CAPPING events from decorations provider vscode.git 1087
[2021-03-05 17:47:11.706] [exthost] [warning] [Decorations] CAPPING events from decorations provider vscode.git 1087
[2021-03-05 17:50:03.019] [exthost] [warning] [Decorations] CAPPING events from decorations provider vscode.git 1088
[2021-03-05 17:50:08.108] [exthost] [warning] [Decorations] CAPPING events from decorations provider vscode.git 1088
