Looking for git in: git
Using git 2.30.1 from git
> git rev-parse --git-dir
Open repository: /home/dboullon/dotfiles
> git status -z -u
> git symbolic-ref --short HEAD
> git for-each-ref --format=%(refname)%00%(upstream:short)%00%(upstream:track)%00%(objectname) refs/heads/master refs/remotes/master
> git for-each-ref --sort -committerdate --format %(refname) %(objectname) %(*objectname)
> git remote --verbose
Warning: Failed to watch ref '/home/dboullon/dotfiles/.git/refs/remotes/origin/master', is most likely packed.
> git config --get commit.template
> git check-ignore -v -z --stdin
> git check-ignore -v -z --stdin
> git show --textconv :.bashrc
> git ls-files --stage -- /home/dboullon/dotfiles/.bashrc
> git cat-file -s 804540730ef2b6cdad70ea9ca17c13f00ea9a3a3
> git check-ignore -v -z --stdin
> git check-ignore -v -z --stdin
> git check-ignore -v -z --stdin
> git check-ignore -v -z --stdin
> git check-ignore -v -z --stdin
> git check-ignore -v -z --stdin
> git show --textconv :.config/qtile/autostart.sh
> git ls-files --stage -- /home/dboullon/dotfiles/.config/qtile/autostart.sh
> git cat-file -s f738c34de49697e928637d549b94badf041f4674
> git check-ignore -v -z --stdin
> git show --textconv :.config/qtile/settings/keys.py
> git ls-files --stage -- /home/dboullon/dotfiles/.config/qtile/settings/keys.py
> git cat-file -s 43bf613e492ba8c55a2e69c5aabd29e9a5f699ca
