Looking for git in: git
Using git 2.28.0 from git
> git rev-parse --git-dir
Open repository: /home/dboullon/git/DrCoffee84/promos-menshen
> git status -z -u
> git symbolic-ref --short HEAD
> git rev-parse master
> git rev-parse --symbolic-full-name master@{u}
> git rev-list --left-right master...refs/remotes/origin/master
> git for-each-ref --sort -committerdate --format %(refname) %(objectname)
> git remote --verbose
> git config --get commit.template
> git show --textconv :openshift/template.yaml
> git ls-files --stage -- /home/dboullon/git/DrCoffee84/promos-menshen/openshift/template.yaml
> git cat-file -s 6c29f8de27198e5623f95d4d9d312812d809bbef
> git check-ignore -v -z --stdin
> git show --textconv :package.json
> git ls-files --stage -- /home/dboullon/git/DrCoffee84/promos-menshen/package.json
> git cat-file -s 12a351632ed092e4f8d387abb2036a5078b4d031
> git show --textconv :openshift/pipelines/ci/Jenkinsfile
> git ls-files --stage -- /home/dboullon/git/DrCoffee84/promos-menshen/openshift/pipelines/ci/Jenkinsfile
> git cat-file -s a15d57d79fc0728971179fcdb1211f3fd064e2ca
> git check-ignore -v -z --stdin
> git show --textconv :package.json
> git ls-files --stage -- /home/dboullon/git/DrCoffee84/promos-menshen/package.json
> git cat-file -s 12a351632ed092e4f8d387abb2036a5078b4d031
