[5084][1600781203634][main][info]["Booting Postman 7.32.0, linux-5.8.10-arch1-1 on x64"]
[5084][1600781203636][main][info]["EventBus~initialize - Success"]
[5084][1600781203637][main][warn]["CloudProxyManager~init: Error while reading proxy configuration from user data - ",{"errno":-2,"code":"ENOENT","syscall":"open","path":"/home/dboullon/.config/Postman/Postman_Config/proxy","name":"Error","message":"ENOENT: no such file or directory, open '/home/dboullon/.config/Postman/Postman_Config/proxy'","stack":"Error: ENOENT: no such file or directory, open '/home/dboullon/.config/Postman/Postman_Config/proxy'"}]
[5084][1600781203638][main][info]["CloudProxyManager~init - Success"]
[5084][1600781203641][main][info]["UpdateHandler~init - Success"]
[5084][1600781203824][main][info]["RuntimeIPCAgent~started: Success"]
[5084][1600781203893][main][info]["LinuxAutoUpdater~Cleanup - Initial cleanup successful"]
[5084][1600781203911][main][warn]["main~populateInstallationId: Failed to get installationId from appSettings but with no error"]
[5084][1600781203940][main][info]["Bootstrap-models~bootstrap - Success"]
[5084][1600781204063][main][info]["window-manager~newSharedWindow: Shell loaded"]
[5084][1600781206574][main][info]["Main~AppEvents - Received booted event for process shared"]
[5084][1600781208191][main][info]["UpdateHandler~app-update-events - Received event",{"name":"checkForElectronVersionUpdated","namespace":"appUpdate"}]
[5084][1600781208212][main][info]["Main~AppEvents - Received booted event for process requester"]
[5084][1600781208982][main][info]["WindowManager~closeHandler - Closed Window (id: 4 )"]
[5084][1600781209009][main][info]["Quitting app"]
[5348][1600781216815][main][info]["Booting Postman 7.32.0, linux-5.8.10-arch1-1 on x64"]
[5348][1600781216817][main][info]["EventBus~initialize - Success"]
[5348][1600781216818][main][warn]["CloudProxyManager~init: Error while reading proxy configuration from user data - ",{"errno":-2,"code":"ENOENT","syscall":"open","path":"/home/dboullon/.config/Postman/Postman_Config/proxy","name":"Error","message":"ENOENT: no such file or directory, open '/home/dboullon/.config/Postman/Postman_Config/proxy'","stack":"Error: ENOENT: no such file or directory, open '/home/dboullon/.config/Postman/Postman_Config/proxy'"}]
[5348][1600781216819][main][info]["CloudProxyManager~init - Success"]
[5348][1600781216822][main][info]["UpdateHandler~init - Success"]
[5348][1600781217000][main][info]["RuntimeIPCAgent~started: Success"]
[5348][1600781217070][main][info]["LinuxAutoUpdater~Cleanup - Initial cleanup successful"]
[5348][1600781217131][main][info]["Bootstrap-models~bootstrap - Success"]
[5348][1600781217254][main][info]["window-manager~newSharedWindow: Shell loaded"]
[5348][1600781219281][main][info]["Main~AppEvents - Received booted event for process shared"]
[5348][1600781220994][main][info]["UpdateHandler~app-update-events - Received event",{"name":"checkForElectronVersionUpdated","namespace":"appUpdate"}]
[5348][1600781221008][main][info]["Main~AppEvents - Received booted event for process requester"]
[5348][1600781231842][main][info]["UpdateHandler~app-update-events - Received event",{"data":{"additionalParamsString":"installationId=582a299c-b4ab-458f-ad2d-9adf6ddfc4b0&userId=0&syncEnabled=false&teamPlan=","appId":"582a299c-b4ab-458f-ad2d-9adf6ddfc4b0","arch":"64","channel":"stable","downloadURL":"https://dl.pstmn.io/download/version/7.33.0/linux_64","downloadVersion":"7.33.0","platform":"LINUX","updateServerDomain":"https://dl.pstmn.io/","userAgent":"Mozilla/5.0 (X11; Linux x86_64) AppleWebKit/537.36 (KHTML, like Gecko) Postman/7.32.0 Chrome/78.0.3904.130 Electron/7.3.2 Safari/537.36","userId":"0","version":"7.32.0"},"name":"updateElectron","namespace":"appUpdate"}]
[5348][1600781231842][main][info]["LinuxUpdater~downloadUpdate - UpdateInfo received",{"additionalParamsString":"installationId=582a299c-b4ab-458f-ad2d-9adf6ddfc4b0&userId=0&syncEnabled=false&teamPlan=","appId":"582a299c-b4ab-458f-ad2d-9adf6ddfc4b0","arch":"64","channel":"stable","downloadURL":"https://dl.pstmn.io/download/version/7.33.0/linux_64","downloadVersion":"7.33.0","platform":"LINUX","updateServerDomain":"https://dl.pstmn.io/","userAgent":"Mozilla/5.0 (X11; Linux x86_64) AppleWebKit/537.36 (KHTML, like Gecko) Postman/7.32.0 Chrome/78.0.3904.130 Electron/7.3.2 Safari/537.36","userId":"0","version":"7.32.0"}]
[5348][1600781232351][main][info]["@postman/app-updater: error",{"errno":-13,"code":"EACCES","syscall":"open","path":"/opt/postman/Postman-1600781231843.tar.gz","name":"Error","message":"EACCES: permission denied, open '/opt/postman/Postman-1600781231843.tar.gz'","stack":"Error: EACCES: permission denied, open '/opt/postman/Postman-1600781231843.tar.gz'"},{"packageName":"Postman","eID":"Postman-1600781231843","downloadURL":"https://dl.pstmn.io/download/version/7.33.0/linux_64","downloadDirectory":"/opt/postman","downloadInfo":{"status":"DOWNLOAD_ERROR","error":{"errno":-13,"code":"EACCES","syscall":"open","path":"/opt/postman/Postman-1600781231843.tar.gz"},"downloadDirectory":"/opt/postman"}}]
[5348][1600781232353][main][info]["UpdateHandler~app-update-events - Received event",{"name":"electronAppUpdateError","namespace":"appUpdate","data":{"error":{"errno":-13,"code":"EACCES","syscall":"open","path":"/opt/postman/Postman-1600781231843.tar.gz","name":"Error","message":"EACCES: permission denied, open '/opt/postman/Postman-1600781231843.tar.gz'","stack":"Error: EACCES: permission denied, open '/opt/postman/Postman-1600781231843.tar.gz'"},"updateData":{"packageName":"Postman","eID":"Postman-1600781231843","downloadURL":"https://dl.pstmn.io/download/version/7.33.0/linux_64","downloadDirectory":"/opt/postman","downloadInfo":{"status":"DOWNLOAD_ERROR","error":{"errno":-13,"code":"EACCES","syscall":"open","path":"/opt/postman/Postman-1600781231843.tar.gz"},"downloadDirectory":"/opt/postman"}}}}]
[5348][1600781240739][main][info]["UpdateHandler~app-update-events - Received event",{"data":{"additionalParamsString":"installationId=582a299c-b4ab-458f-ad2d-9adf6ddfc4b0&userId=0&syncEnabled=false&teamPlan=","appId":"582a299c-b4ab-458f-ad2d-9adf6ddfc4b0","arch":"64","channel":"stable","downloadURL":"https://dl.pstmn.io/download/version/7.33.0/linux_64","downloadVersion":"7.33.0","platform":"LINUX","updateServerDomain":"https://dl.pstmn.io/","userAgent":"Mozilla/5.0 (X11; Linux x86_64) AppleWebKit/537.36 (KHTML, like Gecko) Postman/7.32.0 Chrome/78.0.3904.130 Electron/7.3.2 Safari/537.36","userId":"0","version":"7.32.0"},"name":"updateElectron","namespace":"appUpdate"}]
[5348][1600781240739][main][info]["LinuxUpdater~downloadUpdate - UpdateInfo received",{"additionalParamsString":"installationId=582a299c-b4ab-458f-ad2d-9adf6ddfc4b0&userId=0&syncEnabled=false&teamPlan=","appId":"582a299c-b4ab-458f-ad2d-9adf6ddfc4b0","arch":"64","channel":"stable","downloadURL":"https://dl.pstmn.io/download/version/7.33.0/linux_64","downloadVersion":"7.33.0","platform":"LINUX","updateServerDomain":"https://dl.pstmn.io/","userAgent":"Mozilla/5.0 (X11; Linux x86_64) AppleWebKit/537.36 (KHTML, like Gecko) Postman/7.32.0 Chrome/78.0.3904.130 Electron/7.3.2 Safari/537.36","userId":"0","version":"7.32.0"}]
[5348][1600781241259][main][info]["@postman/app-updater: error",{"errno":-13,"code":"EACCES","syscall":"open","path":"/opt/postman/Postman-1600781240739.tar.gz","name":"Error","message":"EACCES: permission denied, open '/opt/postman/Postman-1600781240739.tar.gz'","stack":"Error: EACCES: permission denied, open '/opt/postman/Postman-1600781240739.tar.gz'"},{"packageName":"Postman","eID":"Postman-1600781240739","downloadURL":"https://dl.pstmn.io/download/version/7.33.0/linux_64","downloadDirectory":"/opt/postman","downloadInfo":{"status":"DOWNLOAD_ERROR","error":{"errno":-13,"code":"EACCES","syscall":"open","path":"/opt/postman/Postman-1600781240739.tar.gz"},"downloadDirectory":"/opt/postman"}}]
[5348][1600781241260][main][info]["UpdateHandler~app-update-events - Received event",{"name":"electronAppUpdateError","namespace":"appUpdate","data":{"error":{"errno":-13,"code":"EACCES","syscall":"open","path":"/opt/postman/Postman-1600781240739.tar.gz","name":"Error","message":"EACCES: permission denied, open '/opt/postman/Postman-1600781240739.tar.gz'","stack":"Error: EACCES: permission denied, open '/opt/postman/Postman-1600781240739.tar.gz'"},"updateData":{"packageName":"Postman","eID":"Postman-1600781240739","downloadURL":"https://dl.pstmn.io/download/version/7.33.0/linux_64","downloadDirectory":"/opt/postman","downloadInfo":{"status":"DOWNLOAD_ERROR","error":{"errno":-13,"code":"EACCES","syscall":"open","path":"/opt/postman/Postman-1600781240739.tar.gz"},"downloadDirectory":"/opt/postman"}}}}]
[5348][1600781244652][main][info]["WindowManager~closeHandler - Closed Window (id: 3 )"]
[5348][1600781244688][main][info]["Quitting app"]
