[5084][1600781208079][requester][info]["EventBus~initialize - Success"]
[5084][1600781208080][requester][info]["Messaging~boot - Success"]
[5084][1600781208090][requester][info]["bootCrashReporter~ Success"]
[5084][1600781208091][requester][info]["Telemetry~boot - Success"]
[5084][1600781208091][requester][info]["bootConfigurations~initialize - Success"]
[5084][1600781208093][requester][info]["Settings~boot - Success"]
[5084][1600781208125][requester][info]["bootstrapModels - Success"]
[5084][1600781208125][requester][info]["WLModels~boot - Success"]
[5084][1600781208156][requester][info]["Session~boot - Success"]
[5084][1600781208157][requester][info]["IndependentServices~boot - Success"]
[5084][1600781208167][requester][info]["AppModels~boot - Success"]
[5084][1600781208169][requester][info]["DBWatcher~boot - Success"]
[5084][1600781208170][requester][info]["ThemeManager~boot - Success"]
[5084][1600781208171][requester][info]["Store~boot - Success"]
[5084][1600781208172][requester][info]["Shortcuts~boot - Success"]
[5084][1600781208172][requester][info]["SyncProxy~boot - Success"]
[5084][1600781208180][requester][info]["NewConsole~boot - Success"]
[5084][1600781208186][requester][info]["APIDevInterface~boot - Success"]
[5084][1600781208201][requester][info]["Requester~boot - Success"]
[5084][1600781208202][requester][info]["booted - requester"]
[5084][1600781208234][requester][warn]["CloudProxyHandler: Error while reading proxy configuration from user data - ",{"errno":-2,"code":"ENOENT","syscall":"open","path":"/home/dboullon/.config/Postman/Postman_Config/proxy","name":"Error","message":"ENOENT: no such file or directory, open '/home/dboullon/.config/Postman/Postman_Config/proxy'","stack":"Error: ENOENT: no such file or directory, open '/home/dboullon/.config/Postman/Postman_Config/proxy'"}]
[5084][1600781208802][requester][info]["SessionValidation - Registering listener"]
[5084][1600781208808][requester][warn]["FeatureFlagsStore~updateFlags: Could not find feature flags",{"error":{"message":"SyncRequestService\\x7erequestListener: Could not fetch from sync. Socket not connected."}}]
[5348][1600781220879][requester][info]["EventBus~initialize - Success"]
[5348][1600781220880][requester][info]["Messaging~boot - Success"]
[5348][1600781220886][requester][info]["bootCrashReporter~ Success"]
[5348][1600781220887][requester][info]["Telemetry~boot - Success"]
[5348][1600781220888][requester][info]["bootConfigurations~initialize - Success"]
[5348][1600781220890][requester][info]["Settings~boot - Success"]
[5348][1600781220936][requester][info]["bootstrapModels - Success"]
[5348][1600781220936][requester][info]["WLModels~boot - Success"]
[5348][1600781220958][requester][info]["Session~boot - Success"]
[5348][1600781220960][requester][info]["IndependentServices~boot - Success"]
[5348][1600781220973][requester][info]["AppModels~boot - Success"]
[5348][1600781220976][requester][info]["DBWatcher~boot - Success"]
[5348][1600781220977][requester][info]["ThemeManager~boot - Success"]
[5348][1600781220978][requester][info]["Store~boot - Success"]
[5348][1600781220980][requester][info]["Shortcuts~boot - Success"]
[5348][1600781220980][requester][info]["SyncProxy~boot - Success"]
[5348][1600781220988][requester][info]["NewConsole~boot - Success"]
[5348][1600781220992][requester][info]["APIDevInterface~boot - Success"]
[5348][1600781221001][requester][info]["Requester~boot - Success"]
[5348][1600781221001][requester][info]["booted - requester"]
[5348][1600781221023][requester][warn]["CloudProxyHandler: Error while reading proxy configuration from user data - ",{"errno":-2,"code":"ENOENT","syscall":"open","path":"/home/dboullon/.config/Postman/Postman_Config/proxy","name":"Error","message":"ENOENT: no such file or directory, open '/home/dboullon/.config/Postman/Postman_Config/proxy'","stack":"Error: ENOENT: no such file or directory, open '/home/dboullon/.config/Postman/Postman_Config/proxy'"}]
[5348][1600781221644][requester][info]["SessionValidation - Registering listener"]
[5348][1600781221650][requester][warn]["FeatureFlagsStore~updateFlags: Could not find feature flags",{"error":{"message":"SyncRequestService\\x7erequestListener: Could not fetch from sync. Socket not connected."}}]
[5348][1600781232364][requester][error]["Error in update flow: {\"code\":\"EACCES\",\"errno\":-13,\"message\":\"EACCES: permission denied, open '/opt/postman/Postman-1600781231843.tar.gz'\",\"name\":\"Error\",\"path\":\"/opt/postman/Postman-1600781231843.tar.gz\",\"stack\":\"Error: EACCES: permission denied, open '/opt/postman/Postman-1600781231843.tar.gz'\",\"syscall\":\"open\"}"]
[5348][1600781241274][requester][error]["Error in update flow: {\"code\":\"EACCES\",\"errno\":-13,\"message\":\"EACCES: permission denied, open '/opt/postman/Postman-1600781240739.tar.gz'\",\"name\":\"Error\",\"path\":\"/opt/postman/Postman-1600781240739.tar.gz\",\"stack\":\"Error: EACCES: permission denied, open '/opt/postman/Postman-1600781240739.tar.gz'\",\"syscall\":\"open\"}"]
