[5084][1600781204050][shell][info]["EventBus~initialize - Success"]
[5084][1600781204056][shell][info]["bootShellCrashReporter~ Success"]
[5084][1600781204057][shell][info]["shellController~init: Success"]
[5084][1600781204057][shell][info]["shellMeta~init: Success"]
[5084][1600781204068][shell][info]["init~setViewAttributes - Initializing view with opts:",{"devtools":false,"id":2,"startTime":1600781203873,"type":"shared","partitionId":"default"}]
[5084][1600781204069][shell][info]["init~setViewAttributes - Success"]
[5084][1600781206749][shell][info]["EventBus~initialize - Success"]
[5084][1600781206755][shell][info]["bootShellCrashReporter~ Success"]
[5084][1600781206756][shell][info]["shellController~init: Success"]
[5084][1600781206756][shell][info]["shellMeta~init: Success"]
[5084][1600781206765][shell][info]["init~setViewAttributes - Initializing view with opts:",{"allIds":[4],"devtools":false,"id":4,"primaryId":4,"startTime":1600781206582,"type":"requester","partitionId":"default"}]
[5084][1600781206766][shell][info]["init~setViewAttributes - Success"]
[5348][1600781217241][shell][info]["EventBus~initialize - Success"]
[5348][1600781217247][shell][info]["bootShellCrashReporter~ Success"]
[5348][1600781217248][shell][info]["shellController~init: Success"]
[5348][1600781217249][shell][info]["shellMeta~init: Success"]
[5348][1600781217259][shell][info]["init~setViewAttributes - Initializing view with opts:",{"devtools":false,"id":2,"startTime":1600781217046,"type":"shared","partitionId":"default"}]
[5348][1600781217260][shell][info]["init~setViewAttributes - Success"]
[5348][1600781219475][shell][info]["EventBus~initialize - Success"]
[5348][1600781219480][shell][info]["bootShellCrashReporter~ Success"]
[5348][1600781219482][shell][info]["shellController~init: Success"]
[5348][1600781219482][shell][info]["shellMeta~init: Success"]
[5348][1600781219491][shell][info]["init~setViewAttributes - Initializing view with opts:",{"allIds":[3],"devtools":false,"id":3,"primaryId":3,"startTime":1600781219311,"type":"requester","partitionId":"default"}]
[5348][1600781219492][shell][info]["init~setViewAttributes - Success"]
