Looking for git in: git
Using git 2.28.0 from git
> git rev-parse --git-dir
Open repository: /home/dboullon/git/flow-openshift-cicd-pipelines
> git status -z -u
> git symbolic-ref --short HEAD
> git rev-parse master
> git rev-parse --symbolic-full-name master@{u}
> git rev-list --left-right master...refs/remotes/origin/master
> git for-each-ref --sort -committerdate --format %(refname) %(objectname)
> git remote --verbose
Warning: Failed to watch ref '/home/dboullon/git/flow-openshift-cicd-pipelines/.git/refs/remotes/origin/master', is most likely packed.
> git config --get commit.template
> git show --textconv :vars/runCIPipelineCanary.groovy
> git ls-files --stage -- /home/dboullon/git/flow-openshift-cicd-pipelines/vars/runCIPipelineCanary.groovy
> git check-ignore -v -z --stdin
> git status -z -u
> git symbolic-ref --short HEAD
> git rev-parse master
> git rev-parse --symbolic-full-name master@{u}
> git rev-list --left-right master...refs/remotes/origin/master
> git for-each-ref --sort -committerdate --format %(refname) %(objectname)
> git remote --verbose
Warning: Failed to watch ref '/home/dboullon/git/flow-openshift-cicd-pipelines/.git/refs/remotes/origin/master', is most likely packed.
> git config --get commit.template
> git show --textconv :vars/runCDPipelineFront.groovy
> git ls-files --stage -- /home/dboullon/git/flow-openshift-cicd-pipelines/vars/runCDPipelineFront.groovy
> git cat-file -s 9d6a21445ebcd04b15c2a2940644bbfa0939a001
> git show --textconv :vars/runCDPipelineFront copy.groovy
> git ls-files --stage -- /home/dboullon/git/flow-openshift-cicd-pipelines/vars/runCDPipelineFront copy.groovy
> git check-ignore -v -z --stdin
> git status -z -u
> git symbolic-ref --short HEAD
> git rev-parse master
> git rev-parse --symbolic-full-name master@{u}
> git rev-list --left-right master...refs/remotes/origin/master
> git for-each-ref --sort -committerdate --format %(refname) %(objectname)
> git remote --verbose
Warning: Failed to watch ref '/home/dboullon/git/flow-openshift-cicd-pipelines/.git/refs/remotes/origin/master', is most likely packed.
> git config --get commit.template
> git show --textconv :vars/runCDPipelineFrontCanary.groovy
> git ls-files --stage -- /home/dboullon/git/flow-openshift-cicd-pipelines/vars/runCDPipelineFrontCanary.groovy
> git check-ignore -v -z --stdin
> git status -z -u
> git symbolic-ref --short HEAD
> git rev-parse master
> git rev-parse --symbolic-full-name master@{u}
> git rev-list --left-right master...refs/remotes/origin/master
> git for-each-ref --sort -committerdate --format %(refname) %(objectname)
> git remote --verbose
Warning: Failed to watch ref '/home/dboullon/git/flow-openshift-cicd-pipelines/.git/refs/remotes/origin/master', is most likely packed.
> git config --get commit.template
> git show --textconv :vars/runCIPipelineCanary.groovy
> git ls-files --stage -- /home/dboullon/git/flow-openshift-cicd-pipelines/vars/runCIPipelineCanary.groovy
> git show --textconv :vars/runCDPipelineFrontCanary.groovy
> git ls-files --stage -- /home/dboullon/git/flow-openshift-cicd-pipelines/vars/runCDPipelineFrontCanary.groovy
> git show --textconv :vars/runCIPipelineCanary.groovy
> git ls-files --stage -- /home/dboullon/git/flow-openshift-cicd-pipelines/vars/runCIPipelineCanary.groovy
> git status -z -u
> git symbolic-ref --short HEAD
> git rev-parse master
> git rev-parse --symbolic-full-name master@{u}
> git rev-list --left-right master...refs/remotes/origin/master
> git for-each-ref --sort -committerdate --format %(refname) %(objectname)
> git remote --verbose
Warning: Failed to watch ref '/home/dboullon/git/flow-openshift-cicd-pipelines/.git/refs/remotes/origin/master', is most likely packed.
> git config --get commit.template
> git status -z -u
> git symbolic-ref --short HEAD
> git rev-parse master
> git rev-parse --symbolic-full-name master@{u}
> git rev-list --left-right master...refs/remotes/origin/master
> git for-each-ref --sort -committerdate --format %(refname) %(objectname)
> git remote --verbose
Warning: Failed to watch ref '/home/dboullon/git/flow-openshift-cicd-pipelines/.git/refs/remotes/origin/master', is most likely packed.
> git config --get commit.template
> git show --textconv :vars/runCIPipeline.groovy
> git ls-files --stage -- /home/dboullon/git/flow-openshift-cicd-pipelines/vars/runCIPipeline.groovy
> git cat-file -s 14f257ca503fe316e46437604e6a4f608feeb6dd
> git show --textconv :vars/runCIPipelineCanary.groovy
> git ls-files --stage -- /home/dboullon/git/flow-openshift-cicd-pipelines/vars/runCIPipelineCanary.groovy
> git status -z -u
> git symbolic-ref --short HEAD
> git rev-parse master
> git rev-parse --symbolic-full-name master@{u}
> git rev-list --left-right master...refs/remotes/origin/master
> git for-each-ref --sort -committerdate --format %(refname) %(objectname)
> git remote --verbose
Warning: Failed to watch ref '/home/dboullon/git/flow-openshift-cicd-pipelines/.git/refs/remotes/origin/master', is most likely packed.
> git config --get commit.template
> git status -z -u
> git symbolic-ref --short HEAD
> git rev-parse master
> git rev-parse --symbolic-full-name master@{u}
> git rev-list --left-right master...refs/remotes/origin/master
> git for-each-ref --sort -committerdate --format %(refname) %(objectname)
> git remote --verbose
Warning: Failed to watch ref '/home/dboullon/git/flow-openshift-cicd-pipelines/.git/refs/remotes/origin/master', is most likely packed.
> git config --get commit.template
> git status -z -u
> git symbolic-ref --short HEAD
> git rev-parse master
> git rev-parse --symbolic-full-name master@{u}
> git rev-list --left-right master...refs/remotes/origin/master
> git for-each-ref --sort -committerdate --format %(refname) %(objectname)
> git remote --verbose
Warning: Failed to watch ref '/home/dboullon/git/flow-openshift-cicd-pipelines/.git/refs/remotes/origin/master', is most likely packed.
> git config --get commit.template
> git status -z -u
> git symbolic-ref --short HEAD
> git rev-parse master
> git rev-parse --symbolic-full-name master@{u}
> git rev-list --left-right master...refs/remotes/origin/master
> git for-each-ref --sort -committerdate --format %(refname) %(objectname)
> git remote --verbose
Warning: Failed to watch ref '/home/dboullon/git/flow-openshift-cicd-pipelines/.git/refs/remotes/origin/master', is most likely packed.
> git config --get commit.template
> git status -z -u
> git symbolic-ref --short HEAD
> git rev-parse master
> git rev-parse --symbolic-full-name master@{u}
> git rev-list --left-right master...refs/remotes/origin/master
> git for-each-ref --sort -committerdate --format %(refname) %(objectname)
> git remote --verbose
Warning: Failed to watch ref '/home/dboullon/git/flow-openshift-cicd-pipelines/.git/refs/remotes/origin/master', is most likely packed.
> git config --get commit.template
> git status -z -u
> git symbolic-ref --short HEAD
> git rev-parse master
> git rev-parse --symbolic-full-name master@{u}
> git rev-list --left-right master...refs/remotes/origin/master
> git for-each-ref --sort -committerdate --format %(refname) %(objectname)
> git remote --verbose
Warning: Failed to watch ref '/home/dboullon/git/flow-openshift-cicd-pipelines/.git/refs/remotes/origin/master', is most likely packed.
> git config --get commit.template
> git status -z -u
> git symbolic-ref --short HEAD
> git rev-parse master
> git rev-parse --symbolic-full-name master@{u}
> git rev-list --left-right master...refs/remotes/origin/master
> git for-each-ref --sort -committerdate --format %(refname) %(objectname)
> git remote --verbose
Warning: Failed to watch ref '/home/dboullon/git/flow-openshift-cicd-pipelines/.git/refs/remotes/origin/master', is most likely packed.
> git config --get commit.template
> git status -z -u
> git symbolic-ref --short HEAD
> git rev-parse master
> git rev-parse --symbolic-full-name master@{u}
> git rev-list --left-right master...refs/remotes/origin/master
> git for-each-ref --sort -committerdate --format %(refname) %(objectname)
> git remote --verbose
Warning: Failed to watch ref '/home/dboullon/git/flow-openshift-cicd-pipelines/.git/refs/remotes/origin/master', is most likely packed.
> git config --get commit.template
